This file contains any messages produced by compilers while
running configure, to aid debugging if configure makes a mistake.

It was created by Infernal configure 1.0, which was
generated by GNU Autoconf 2.60.  Invocation command line was

  $ ./configure 

## --------- ##
## Platform. ##
## --------- ##

hostname = crow
uname -m = x86_64
uname -r = 3.2.0-65-generic
uname -s = Linux
uname -v = #99-Ubuntu SMP Fri Jul 4 21:03:29 UTC 2014

/usr/bin/uname -p = unknown
/bin/uname -X     = unknown

/bin/arch              = unknown
/usr/bin/arch -k       = unknown
/usr/convex/getsysinfo = unknown
/usr/bin/hostinfo      = unknown
/bin/machine           = unknown
/usr/bin/oslevel       = unknown
/bin/universe          = unknown

PATH: /home/nlong/Documents/bbmap/
PATH: /home/ssd/1/RSEM/
PATH: /home/hdd/4/progressiveCactus/submodules/phast/bin
PATH: /usr/local/bin/cndsrc/bin
PATH: /home/hdd/4/progressiveCactus/submodules/hal/bin/
PATH: /home/hdd/4/progressiveCactus/bin
PATH: /home/nlong/bin
PATH: /usr/local/bin/ortheus/bin/
PATH: /usr/local/anaconda/bin
PATH: /root/GNUstep/Tools
PATH: /usr/bin
PATH: /sbin
PATH: /bin
PATH: /usr/local/sbin
PATH: /usr/local/bin
PATH: /usr/sbin
PATH: /usr/games
PATH: /home/nlong/Desktop/pyRAD/pyrad-3.0.5


## ----------- ##
## Core tests. ##
## ----------- ##

configure:1723: Configuring Infernal for your system.
configure:1869: checking build system type
configure:1887: result: x86_64-unknown-linux-gnu
configure:1909: checking host system type
configure:1924: result: x86_64-unknown-linux-gnu
configure:1957: Full Infernal source distribution - using full configuration
configure:2129: checking for gcc
configure:2145: found /usr/bin/gcc
configure:2156: result: gcc
configure:2394: checking for C compiler version
configure:2401: gcc --version >&5
gcc (Ubuntu 4.8.1-2ubuntu1~12.04) 4.8.1
Copyright (C) 2013 Free Software Foundation, Inc.
This is free software; see the source for copying conditions.  There is NO
warranty; not even for MERCHANTABILITY or FITNESS FOR A PARTICULAR PURPOSE.

configure:2404: $? = 0
configure:2411: gcc -v >&5
Using built-in specs.
COLLECT_GCC=gcc
COLLECT_LTO_WRAPPER=/usr/lib/gcc/x86_64-linux-gnu/4.8/lto-wrapper
Target: x86_64-linux-gnu
Configured with: ../src/configure -v --with-pkgversion='Ubuntu 4.8.1-2ubuntu1~12.04' --with-bugurl=file:///usr/share/doc/gcc-4.8/README.Bugs --enable-languages=c,c++,java,go,d,fortran,objc,obj-c++ --prefix=/usr --program-suffix=-4.8 --enable-shared --enable-linker-build-id --libexecdir=/usr/lib --without-included-gettext --enable-threads=posix --with-gxx-include-dir=/usr/include/c++/4.8 --libdir=/usr/lib --enable-nls --with-sysroot=/ --enable-clocale=gnu --enable-libstdcxx-debug --enable-libstdcxx-time=yes --enable-gnu-unique-object --enable-plugin --with-system-zlib --disable-browser-plugin --enable-java-awt=gtk --enable-gtk-cairo --with-java-home=/usr/lib/jvm/java-1.5.0-gcj-4.8-amd64/jre --enable-java-home --with-jvm-root-dir=/usr/lib/jvm/java-1.5.0-gcj-4.8-amd64 --with-jvm-jar-dir=/usr/lib/jvm-exports/java-1.5.0-gcj-4.8-amd64 --with-arch-directory=amd64 --with-ecj-jar=/usr/share/java/eclipse-ecj.jar --enable-objc-gc --enable-multiarch --disable-werror --with-arch-32=i686 --with-abi=m64 --with-multilib-list=m32,m64 --with-tune=generic --enable-checking=release --build=x86_64-linux-gnu --host=x86_64-linux-gnu --target=x86_64-linux-gnu
Thread model: posix
gcc version 4.8.1 (Ubuntu 4.8.1-2ubuntu1~12.04) 
configure:2414: $? = 0
configure:2421: gcc -V >&5
gcc: error: unrecognized command line option '-V'
gcc: fatal error: no input files
compilation terminated.
configure:2424: $? = 4
configure:2447: checking for C compiler default output file name
configure:2474: gcc    conftest.c  >&5
configure:2477: $? = 0
configure:2523: result: a.out
configure:2528: checking whether the C compiler works
configure:2538: ./a.out
configure:2541: $? = 0
configure:2558: result: yes
configure:2565: checking whether we are cross compiling
configure:2567: result: no
configure:2570: checking for suffix of executables
configure:2577: gcc -o conftest    conftest.c  >&5
configure:2580: $? = 0
configure:2604: result: 
configure:2610: checking for suffix of object files
configure:2636: gcc -c   conftest.c >&5
configure:2639: $? = 0
configure:2662: result: o
configure:2666: checking whether we are using the GNU C compiler
configure:2695: gcc -c   conftest.c >&5
configure:2701: $? = 0
configure:2708: test -z "$ac_c_werror_flag" || test ! -s conftest.err
configure:2711: $? = 0
configure:2718: test -s conftest.o
configure:2721: $? = 0
configure:2735: result: yes
configure:2740: checking whether gcc accepts -g
configure:2770: gcc -c -g  conftest.c >&5
configure:2776: $? = 0
configure:2783: test -z "$ac_c_werror_flag" || test ! -s conftest.err
configure:2786: $? = 0
configure:2793: test -s conftest.o
configure:2796: $? = 0
configure:2926: result: yes
configure:2943: checking for gcc option to accept ISO C89
configure:3017: gcc  -c -g -O2  conftest.c >&5
configure:3023: $? = 0
configure:3030: test -z "$ac_c_werror_flag" || test ! -s conftest.err
configure:3033: $? = 0
configure:3040: test -s conftest.o
configure:3043: $? = 0
configure:3063: result: none needed
configure:3086: checking how to run the C preprocessor
configure:3126: gcc -E  conftest.c
configure:3132: $? = 0
configure:3170: gcc -E  conftest.c
conftest.c:17:28: fatal error: ac_nonexistent.h: No such file or directory
 #include <ac_nonexistent.h>
                            ^
compilation terminated.
configure:3176: $? = 1
configure: failed program was:
| /* confdefs.h.  */
| #define PACKAGE_NAME "Infernal"
| #define PACKAGE_TARNAME "infernal"
| #define PACKAGE_VERSION "1.0"
| #define PACKAGE_STRING "Infernal 1.0"
| #define PACKAGE_BUGREPORT "eddys@janelia.hhmi.org"
| #define PACKAGE_DATE "January 2009"
| #define PACKAGE_COPYRIGHT "Copyright (C) 2009 HHMI Janelia Farm Research Campus"
| #define PACKAGE_LICENSE "Freely distributed under the GNU General Public License (GPLv3)"
| #define PACKAGE_VERSION "1.0"
| #define EASEL_DATE "January 2009"
| #define EASEL_COPYRIGHT "Copyright (C) 2009 HHMI Janelia Farm Research Campus"
| #define EASEL_LICENSE "Freely distributed under the Janelia Software License."
| #define EASEL_VERSION "i1.0"
| #define eslLIBRARY 1
| /* end confdefs.h.  */
| #include <ac_nonexistent.h>
configure:3216: result: gcc -E
configure:3245: gcc -E  conftest.c
configure:3251: $? = 0
configure:3289: gcc -E  conftest.c
conftest.c:17:28: fatal error: ac_nonexistent.h: No such file or directory
 #include <ac_nonexistent.h>
                            ^
compilation terminated.
configure:3295: $? = 1
configure: failed program was:
| /* confdefs.h.  */
| #define PACKAGE_NAME "Infernal"
| #define PACKAGE_TARNAME "infernal"
| #define PACKAGE_VERSION "1.0"
| #define PACKAGE_STRING "Infernal 1.0"
| #define PACKAGE_BUGREPORT "eddys@janelia.hhmi.org"
| #define PACKAGE_DATE "January 2009"
| #define PACKAGE_COPYRIGHT "Copyright (C) 2009 HHMI Janelia Farm Research Campus"
| #define PACKAGE_LICENSE "Freely distributed under the GNU General Public License (GPLv3)"
| #define PACKAGE_VERSION "1.0"
| #define EASEL_DATE "January 2009"
| #define EASEL_COPYRIGHT "Copyright (C) 2009 HHMI Janelia Farm Research Campus"
| #define EASEL_LICENSE "Freely distributed under the Janelia Software License."
| #define EASEL_VERSION "i1.0"
| #define eslLIBRARY 1
| /* end confdefs.h.  */
| #include <ac_nonexistent.h>
configure:3341: checking for C compiler vendor
configure:3375: gcc -c -g -O2  conftest.c >&5
conftest.c: In function 'main':
conftest.c:23:7: error: 'thisisanerror' undeclared (first use in this function)
       thisisanerror;
       ^
conftest.c:23:7: note: each undeclared identifier is reported only once for each function it appears in
configure:3381: $? = 1
configure: failed program was:
| /* confdefs.h.  */
| #define PACKAGE_NAME "Infernal"
| #define PACKAGE_TARNAME "infernal"
| #define PACKAGE_VERSION "1.0"
| #define PACKAGE_STRING "Infernal 1.0"
| #define PACKAGE_BUGREPORT "eddys@janelia.hhmi.org"
| #define PACKAGE_DATE "January 2009"
| #define PACKAGE_COPYRIGHT "Copyright (C) 2009 HHMI Janelia Farm Research Campus"
| #define PACKAGE_LICENSE "Freely distributed under the GNU General Public License (GPLv3)"
| #define PACKAGE_VERSION "1.0"
| #define EASEL_DATE "January 2009"
| #define EASEL_COPYRIGHT "Copyright (C) 2009 HHMI Janelia Farm Research Campus"
| #define EASEL_LICENSE "Freely distributed under the Janelia Software License."
| #define EASEL_VERSION "i1.0"
| #define eslLIBRARY 1
| /* end confdefs.h.  */
| 
| int
| main ()
| {
| 
| #if !(defined(__ICC) || defined(__ECC) || defined(__INTEL_COMPILER))
|       thisisanerror;
| #endif
| 
|   ;
|   return 0;
| }
configure:3375: gcc -c -g -O2  conftest.c >&5
conftest.c: In function 'main':
conftest.c:23:7: error: 'thisisanerror' undeclared (first use in this function)
       thisisanerror;
       ^
conftest.c:23:7: note: each undeclared identifier is reported only once for each function it appears in
configure:3381: $? = 1
configure: failed program was:
| /* confdefs.h.  */
| #define PACKAGE_NAME "Infernal"
| #define PACKAGE_TARNAME "infernal"
| #define PACKAGE_VERSION "1.0"
| #define PACKAGE_STRING "Infernal 1.0"
| #define PACKAGE_BUGREPORT "eddys@janelia.hhmi.org"
| #define PACKAGE_DATE "January 2009"
| #define PACKAGE_COPYRIGHT "Copyright (C) 2009 HHMI Janelia Farm Research Campus"
| #define PACKAGE_LICENSE "Freely distributed under the GNU General Public License (GPLv3)"
| #define PACKAGE_VERSION "1.0"
| #define EASEL_DATE "January 2009"
| #define EASEL_COPYRIGHT "Copyright (C) 2009 HHMI Janelia Farm Research Campus"
| #define EASEL_LICENSE "Freely distributed under the Janelia Software License."
| #define EASEL_VERSION "i1.0"
| #define eslLIBRARY 1
| /* end confdefs.h.  */
| 
| int
| main ()
| {
| 
| #if !(defined(__xlc__) || defined(__xlC__) || defined(__IBMC__) || defined(__IBMCPP__))
|       thisisanerror;
| #endif
| 
|   ;
|   return 0;
| }
configure:3375: gcc -c -g -O2  conftest.c >&5
conftest.c: In function 'main':
conftest.c:23:7: error: 'thisisanerror' undeclared (first use in this function)
       thisisanerror;
       ^
conftest.c:23:7: note: each undeclared identifier is reported only once for each function it appears in
configure:3381: $? = 1
configure: failed program was:
| /* confdefs.h.  */
| #define PACKAGE_NAME "Infernal"
| #define PACKAGE_TARNAME "infernal"
| #define PACKAGE_VERSION "1.0"
| #define PACKAGE_STRING "Infernal 1.0"
| #define PACKAGE_BUGREPORT "eddys@janelia.hhmi.org"
| #define PACKAGE_DATE "January 2009"
| #define PACKAGE_COPYRIGHT "Copyright (C) 2009 HHMI Janelia Farm Research Campus"
| #define PACKAGE_LICENSE "Freely distributed under the GNU General Public License (GPLv3)"
| #define PACKAGE_VERSION "1.0"
| #define EASEL_DATE "January 2009"
| #define EASEL_COPYRIGHT "Copyright (C) 2009 HHMI Janelia Farm Research Campus"
| #define EASEL_LICENSE "Freely distributed under the Janelia Software License."
| #define EASEL_VERSION "i1.0"
| #define eslLIBRARY 1
| /* end confdefs.h.  */
| 
| int
| main ()
| {
| 
| #if !(defined(__PATHCC__) || defined(__PATHSCALE__))
|       thisisanerror;
| #endif
| 
|   ;
|   return 0;
| }
configure:3375: gcc -c -g -O2  conftest.c >&5
configure:3381: $? = 0
configure:3388: test -z "$ac_c_werror_flag" || test ! -s conftest.err
configure:3391: $? = 0
configure:3398: test -s conftest.o
configure:3401: $? = 0
configure:3415: result: gnu
configure:3422: checking for gcc option to accept ISO C99
configure:3552: gcc  -c -g -O2  conftest.c >&5
conftest.c:38:28: error: expected ';', ',' or ')' before 'text'
 test_restrict(ccp restrict text)
                            ^
conftest.c: In function 'main':
conftest.c:94:18: error: expected '=', ',', ';', 'asm' or '__attribute__' before 'newvar'
   char *restrict newvar = "Another string";
                  ^
conftest.c:94:18: error: 'newvar' undeclared (first use in this function)
conftest.c:94:18: note: each undeclared identifier is reported only once for each function it appears in
conftest.c:103:3: error: 'for' loop initial declarations are only allowed in C99 mode
   for (int i = 0; i < ia->datasize; ++i)
   ^
conftest.c:103:3: note: use option -std=c99 or -std=gnu99 to compile your code
configure:3558: $? = 1
configure: failed program was:
| /* confdefs.h.  */
| #define PACKAGE_NAME "Infernal"
| #define PACKAGE_TARNAME "infernal"
| #define PACKAGE_VERSION "1.0"
| #define PACKAGE_STRING "Infernal 1.0"
| #define PACKAGE_BUGREPORT "eddys@janelia.hhmi.org"
| #define PACKAGE_DATE "January 2009"
| #define PACKAGE_COPYRIGHT "Copyright (C) 2009 HHMI Janelia Farm Research Campus"
| #define PACKAGE_LICENSE "Freely distributed under the GNU General Public License (GPLv3)"
| #define PACKAGE_VERSION "1.0"
| #define EASEL_DATE "January 2009"
| #define EASEL_COPYRIGHT "Copyright (C) 2009 HHMI Janelia Farm Research Campus"
| #define EASEL_LICENSE "Freely distributed under the Janelia Software License."
| #define EASEL_VERSION "i1.0"
| #define eslLIBRARY 1
| /* end confdefs.h.  */
| #include <stdarg.h>
| #include <stdbool.h>
| #include <stdlib.h>
| #include <wchar.h>
| #include <stdio.h>
| 
| struct incomplete_array
| {
|   int datasize;
|   double data[];
| };
| 
| struct named_init {
|   int number;
|   const wchar_t *name;
|   double average;
| };
| 
| typedef const char *ccp;
| 
| static inline int
| test_restrict(ccp restrict text)
| {
|   // See if C++-style comments work.
|   // Iterate through items via the restricted pointer.
|   // Also check for declarations in for loops.
|   for (unsigned int i = 0; *(text+i) != '\0'; ++i)
|     continue;
|   return 0;
| }
| 
| // Check varargs and va_copy work.
| static void
| test_varargs(const char *format, ...)
| {
|   va_list args;
|   va_start(args, format);
|   va_list args_copy;
|   va_copy(args_copy, args);
| 
|   const char *str;
|   int number;
|   float fnumber;
| 
|   while (*format)
|     {
|       switch (*format++)
| 	{
| 	case 's': // string
| 	  str = va_arg(args_copy, const char *);
| 	  break;
| 	case 'd': // int
| 	  number = va_arg(args_copy, int);
| 	  break;
| 	case 'f': // float
| 	  fnumber = (float) va_arg(args_copy, double);
| 	  break;
| 	default:
| 	  break;
| 	}
|     }
|   va_end(args_copy);
|   va_end(args);
| }
| 
| int
| main ()
| {
| 
|   // Check bool and long long datatypes.
|   _Bool success = false;
|   long long int bignum = -1234567890LL;
|   unsigned long long int ubignum = 1234567890uLL;
| 
|   // Check restrict.
|   if (test_restrict("String literal") != 0)
|     success = true;
|   char *restrict newvar = "Another string";
| 
|   // Check varargs.
|   test_varargs("s, d' f .", "string", 65, 34.234);
| 
|   // Check incomplete arrays work.
|   struct incomplete_array *ia =
|     malloc(sizeof(struct incomplete_array) + (sizeof(double) * 10));
|   ia->datasize = 10;
|   for (int i = 0; i < ia->datasize; ++i)
|     ia->data[i] = (double) i * 1.234;
| 
|   // Check named initialisers.
|   struct named_init ni = {
|     .number = 34,
|     .name = L"Test wide string",
|     .average = 543.34343,
|   };
| 
|   ni.number = 58;
| 
|   int dynamic_array[ni.number];
|   dynamic_array[43] = 543;
| 
|   // work around unused variable warnings
|   return  bignum == 0LL || ubignum == 0uLL || newvar[0] == 'x';
| 
|   ;
|   return 0;
| }
configure:3552: gcc -std=gnu99 -c -g -O2  conftest.c >&5
configure:3558: $? = 0
configure:3565: test -z "$ac_c_werror_flag" || test ! -s conftest.err
configure:3568: $? = 0
configure:3575: test -s conftest.o
configure:3578: $? = 0
configure:3605: result: -std=gnu99
configure:3752: checking for gcc -std=gnu99 option to accept ISO Standard C
configure:3763: result: -std=gnu99
configure:3812: checking for ranlib
configure:3828: found /usr/bin/ranlib
configure:3839: result: ranlib
configure:3867: checking for ar
configure:3886: found /usr/bin/ar
configure:3899: result: /usr/bin/ar
configure:3908: checking whether your make is GNU make
configure:3916: result: yes, it is.
configure:5545: checking for grep that handles long lines and -e
configure:5619: result: /bin/grep
configure:5624: checking for egrep
configure:5702: result: /bin/grep -E
configure:5707: checking for ANSI C header files
configure:5737: gcc -std=gnu99 -c -g -O2  conftest.c >&5
configure:5743: $? = 0
configure:5750: test -z "$ac_c_werror_flag" || test ! -s conftest.err
configure:5753: $? = 0
configure:5760: test -s conftest.o
configure:5763: $? = 0
configure:5859: gcc -std=gnu99 -o conftest -g -O2   conftest.c  >&5
configure:5862: $? = 0
configure:5868: ./conftest
configure:5871: $? = 0
configure:5888: result: yes
configure:5912: checking for sys/types.h
configure:5933: gcc -std=gnu99 -c -g -O2  conftest.c >&5
configure:5939: $? = 0
configure:5946: test -z "$ac_c_werror_flag" || test ! -s conftest.err
configure:5949: $? = 0
configure:5956: test -s conftest.o
configure:5959: $? = 0
configure:5972: result: yes
configure:5912: checking for sys/stat.h
configure:5933: gcc -std=gnu99 -c -g -O2  conftest.c >&5
configure:5939: $? = 0
configure:5946: test -z "$ac_c_werror_flag" || test ! -s conftest.err
configure:5949: $? = 0
configure:5956: test -s conftest.o
configure:5959: $? = 0
configure:5972: result: yes
configure:5912: checking for stdlib.h
configure:5933: gcc -std=gnu99 -c -g -O2  conftest.c >&5
configure:5939: $? = 0
configure:5946: test -z "$ac_c_werror_flag" || test ! -s conftest.err
configure:5949: $? = 0
configure:5956: test -s conftest.o
configure:5959: $? = 0
configure:5972: result: yes
configure:5912: checking for string.h
configure:5933: gcc -std=gnu99 -c -g -O2  conftest.c >&5
configure:5939: $? = 0
configure:5946: test -z "$ac_c_werror_flag" || test ! -s conftest.err
configure:5949: $? = 0
configure:5956: test -s conftest.o
configure:5959: $? = 0
configure:5972: result: yes
configure:5912: checking for memory.h
configure:5933: gcc -std=gnu99 -c -g -O2  conftest.c >&5
configure:5939: $? = 0
configure:5946: test -z "$ac_c_werror_flag" || test ! -s conftest.err
configure:5949: $? = 0
configure:5956: test -s conftest.o
configure:5959: $? = 0
configure:5972: result: yes
configure:5912: checking for strings.h
configure:5933: gcc -std=gnu99 -c -g -O2  conftest.c >&5
configure:5939: $? = 0
configure:5946: test -z "$ac_c_werror_flag" || test ! -s conftest.err
configure:5949: $? = 0
configure:5956: test -s conftest.o
configure:5959: $? = 0
configure:5972: result: yes
configure:5912: checking for inttypes.h
configure:5933: gcc -std=gnu99 -c -g -O2  conftest.c >&5
configure:5939: $? = 0
configure:5946: test -z "$ac_c_werror_flag" || test ! -s conftest.err
configure:5949: $? = 0
configure:5956: test -s conftest.o
configure:5959: $? = 0
configure:5972: result: yes
configure:5912: checking for stdint.h
configure:5933: gcc -std=gnu99 -c -g -O2  conftest.c >&5
configure:5939: $? = 0
configure:5946: test -z "$ac_c_werror_flag" || test ! -s conftest.err
configure:5949: $? = 0
configure:5956: test -s conftest.o
configure:5959: $? = 0
configure:5972: result: yes
configure:5912: checking for unistd.h
configure:5933: gcc -std=gnu99 -c -g -O2  conftest.c >&5
configure:5939: $? = 0
configure:5946: test -z "$ac_c_werror_flag" || test ! -s conftest.err
configure:5949: $? = 0
configure:5956: test -s conftest.o
configure:5959: $? = 0
configure:5972: result: yes
configure:5994: checking emmintrin.h usability
configure:6011: gcc -std=gnu99 -c -g -O2  conftest.c >&5
configure:6017: $? = 0
configure:6024: test -z "$ac_c_werror_flag" || test ! -s conftest.err
configure:6027: $? = 0
configure:6034: test -s conftest.o
configure:6037: $? = 0
configure:6048: result: yes
configure:6052: checking emmintrin.h presence
configure:6067: gcc -E  conftest.c
configure:6073: $? = 0
configure:6094: result: yes
configure:6127: checking for emmintrin.h
configure:6134: result: yes
configure:6140: checking if platform can run SSE/SSE2 instructions
configure:6170: gcc -std=gnu99 -o conftest -g -O2   conftest.c  >&5
configure:6173: $? = 0
configure:6179: ./conftest
configure:6182: $? = 0
configure:6184: result: yes
configure:6207: checking whether C compiler accepts -msse2
configure:6236: gcc -std=gnu99 -c -msse2  conftest.c >&5
configure:6242: $? = 0
configure:6249: test -z "$ac_c_werror_flag" || test ! -s conftest.err
configure:6252: $? = 0
configure:6259: test -s conftest.o
configure:6262: $? = 0
configure:6277: result: yes
configure:6817: checking for sys/types.h
configure:6823: result: yes
configure:6817: checking for unistd.h
configure:6823: result: yes
configure:6817: checking for stdint.h
configure:6823: result: yes
configure:6817: checking for inttypes.h
configure:6823: result: yes
configure:7164: checking whether byte ordering is bigendian
configure:7196: gcc -std=gnu99 -c -g -O2  conftest.c >&5
configure:7202: $? = 0
configure:7209: test -z "$ac_c_werror_flag" || test ! -s conftest.err
configure:7212: $? = 0
configure:7219: test -s conftest.o
configure:7222: $? = 0
configure:7251: gcc -std=gnu99 -c -g -O2  conftest.c >&5
conftest.c: In function 'main':
conftest.c:39:2: error: unknown type name 'not'
  not big endian
  ^
conftest.c:39:10: error: expected '=', ',', ';', 'asm' or '__attribute__' before 'endian'
  not big endian
          ^
configure:7257: $? = 1
configure: failed program was:
| /* confdefs.h.  */
| #define PACKAGE_NAME "Infernal"
| #define PACKAGE_TARNAME "infernal"
| #define PACKAGE_VERSION "1.0"
| #define PACKAGE_STRING "Infernal 1.0"
| #define PACKAGE_BUGREPORT "eddys@janelia.hhmi.org"
| #define PACKAGE_DATE "January 2009"
| #define PACKAGE_COPYRIGHT "Copyright (C) 2009 HHMI Janelia Farm Research Campus"
| #define PACKAGE_LICENSE "Freely distributed under the GNU General Public License (GPLv3)"
| #define PACKAGE_VERSION "1.0"
| #define EASEL_DATE "January 2009"
| #define EASEL_COPYRIGHT "Copyright (C) 2009 HHMI Janelia Farm Research Campus"
| #define EASEL_LICENSE "Freely distributed under the Janelia Software License."
| #define EASEL_VERSION "i1.0"
| #define eslLIBRARY 1
| #define STDC_HEADERS 1
| #define HAVE_SYS_TYPES_H 1
| #define HAVE_SYS_STAT_H 1
| #define HAVE_STDLIB_H 1
| #define HAVE_STRING_H 1
| #define HAVE_MEMORY_H 1
| #define HAVE_STRINGS_H 1
| #define HAVE_INTTYPES_H 1
| #define HAVE_STDINT_H 1
| #define HAVE_UNISTD_H 1
| #define HAVE_SSE2 1
| #define HAVE_SYS_TYPES_H 1
| #define HAVE_UNISTD_H 1
| #define HAVE_STDINT_H 1
| #define HAVE_INTTYPES_H 1
| /* end confdefs.h.  */
| #include <sys/types.h>
| #include <sys/param.h>
| 
| int
| main ()
| {
| #if BYTE_ORDER != BIG_ENDIAN
|  not big endian
| #endif
| 
|   ;
|   return 0;
| }
configure:7431: result: no
configure:7451: checking for int8_t
configure:7482: gcc -std=gnu99 -c -g -O2  conftest.c >&5
configure:7488: $? = 0
configure:7495: test -z "$ac_c_werror_flag" || test ! -s conftest.err
configure:7498: $? = 0
configure:7505: test -s conftest.o
configure:7508: $? = 0
configure:7534: gcc -std=gnu99 -c -g -O2  conftest.c >&5
conftest.c: In function 'main':
conftest.c:68:12: error: size of array 'test_array' is negative
 static int test_array [1 - 2 * !((int8_t) ((((int8_t) 1 << (8 - 2)) - 1) * 2 + 1)
            ^
configure:7540: $? = 1
configure: failed program was:
| /* confdefs.h.  */
| #define PACKAGE_NAME "Infernal"
| #define PACKAGE_TARNAME "infernal"
| #define PACKAGE_VERSION "1.0"
| #define PACKAGE_STRING "Infernal 1.0"
| #define PACKAGE_BUGREPORT "eddys@janelia.hhmi.org"
| #define PACKAGE_DATE "January 2009"
| #define PACKAGE_COPYRIGHT "Copyright (C) 2009 HHMI Janelia Farm Research Campus"
| #define PACKAGE_LICENSE "Freely distributed under the GNU General Public License (GPLv3)"
| #define PACKAGE_VERSION "1.0"
| #define EASEL_DATE "January 2009"
| #define EASEL_COPYRIGHT "Copyright (C) 2009 HHMI Janelia Farm Research Campus"
| #define EASEL_LICENSE "Freely distributed under the Janelia Software License."
| #define EASEL_VERSION "i1.0"
| #define eslLIBRARY 1
| #define STDC_HEADERS 1
| #define HAVE_SYS_TYPES_H 1
| #define HAVE_SYS_STAT_H 1
| #define HAVE_STDLIB_H 1
| #define HAVE_STRING_H 1
| #define HAVE_MEMORY_H 1
| #define HAVE_STRINGS_H 1
| #define HAVE_INTTYPES_H 1
| #define HAVE_STDINT_H 1
| #define HAVE_UNISTD_H 1
| #define HAVE_SSE2 1
| #define HAVE_SYS_TYPES_H 1
| #define HAVE_UNISTD_H 1
| #define HAVE_STDINT_H 1
| #define HAVE_INTTYPES_H 1
| /* end confdefs.h.  */
| #include <stdio.h>
| #if HAVE_SYS_TYPES_H
| # include <sys/types.h>
| #endif
| #if HAVE_SYS_STAT_H
| # include <sys/stat.h>
| #endif
| #if STDC_HEADERS
| # include <stdlib.h>
| # include <stddef.h>
| #else
| # if HAVE_STDLIB_H
| #  include <stdlib.h>
| # endif
| #endif
| #if HAVE_STRING_H
| # if !STDC_HEADERS && HAVE_MEMORY_H
| #  include <memory.h>
| # endif
| # include <string.h>
| #endif
| #if HAVE_STRINGS_H
| # include <strings.h>
| #endif
| #if HAVE_INTTYPES_H
| # include <inttypes.h>
| #endif
| #if HAVE_STDINT_H
| # include <stdint.h>
| #endif
| #if HAVE_UNISTD_H
| # include <unistd.h>
| #endif
| int
| main ()
| {
| static int test_array [1 - 2 * !((int8_t) ((((int8_t) 1 << (8 - 2)) - 1) * 2 + 1)
| 	         < (int8_t) ((((int8_t) 1 << (8 - 2)) - 1) * 2 + 2))];
| test_array [0] = 0
| 
|   ;
|   return 0;
| }
configure:7586: result: yes
configure:7599: checking for int16_t
configure:7630: gcc -std=gnu99 -c -g -O2  conftest.c >&5
configure:7636: $? = 0
configure:7643: test -z "$ac_c_werror_flag" || test ! -s conftest.err
configure:7646: $? = 0
configure:7653: test -s conftest.o
configure:7656: $? = 0
configure:7682: gcc -std=gnu99 -c -g -O2  conftest.c >&5
conftest.c: In function 'main':
conftest.c:68:12: error: size of array 'test_array' is negative
 static int test_array [1 - 2 * !((int16_t) ((((int16_t) 1 << (16 - 2)) - 1) * 2 + 1)
            ^
configure:7688: $? = 1
configure: failed program was:
| /* confdefs.h.  */
| #define PACKAGE_NAME "Infernal"
| #define PACKAGE_TARNAME "infernal"
| #define PACKAGE_VERSION "1.0"
| #define PACKAGE_STRING "Infernal 1.0"
| #define PACKAGE_BUGREPORT "eddys@janelia.hhmi.org"
| #define PACKAGE_DATE "January 2009"
| #define PACKAGE_COPYRIGHT "Copyright (C) 2009 HHMI Janelia Farm Research Campus"
| #define PACKAGE_LICENSE "Freely distributed under the GNU General Public License (GPLv3)"
| #define PACKAGE_VERSION "1.0"
| #define EASEL_DATE "January 2009"
| #define EASEL_COPYRIGHT "Copyright (C) 2009 HHMI Janelia Farm Research Campus"
| #define EASEL_LICENSE "Freely distributed under the Janelia Software License."
| #define EASEL_VERSION "i1.0"
| #define eslLIBRARY 1
| #define STDC_HEADERS 1
| #define HAVE_SYS_TYPES_H 1
| #define HAVE_SYS_STAT_H 1
| #define HAVE_STDLIB_H 1
| #define HAVE_STRING_H 1
| #define HAVE_MEMORY_H 1
| #define HAVE_STRINGS_H 1
| #define HAVE_INTTYPES_H 1
| #define HAVE_STDINT_H 1
| #define HAVE_UNISTD_H 1
| #define HAVE_SSE2 1
| #define HAVE_SYS_TYPES_H 1
| #define HAVE_UNISTD_H 1
| #define HAVE_STDINT_H 1
| #define HAVE_INTTYPES_H 1
| /* end confdefs.h.  */
| #include <stdio.h>
| #if HAVE_SYS_TYPES_H
| # include <sys/types.h>
| #endif
| #if HAVE_SYS_STAT_H
| # include <sys/stat.h>
| #endif
| #if STDC_HEADERS
| # include <stdlib.h>
| # include <stddef.h>
| #else
| # if HAVE_STDLIB_H
| #  include <stdlib.h>
| # endif
| #endif
| #if HAVE_STRING_H
| # if !STDC_HEADERS && HAVE_MEMORY_H
| #  include <memory.h>
| # endif
| # include <string.h>
| #endif
| #if HAVE_STRINGS_H
| # include <strings.h>
| #endif
| #if HAVE_INTTYPES_H
| # include <inttypes.h>
| #endif
| #if HAVE_STDINT_H
| # include <stdint.h>
| #endif
| #if HAVE_UNISTD_H
| # include <unistd.h>
| #endif
| int
| main ()
| {
| static int test_array [1 - 2 * !((int16_t) ((((int16_t) 1 << (16 - 2)) - 1) * 2 + 1)
| 	         < (int16_t) ((((int16_t) 1 << (16 - 2)) - 1) * 2 + 2))];
| test_array [0] = 0
| 
|   ;
|   return 0;
| }
configure:7734: result: yes
configure:7747: checking for int32_t
configure:7778: gcc -std=gnu99 -c -g -O2  conftest.c >&5
configure:7784: $? = 0
configure:7791: test -z "$ac_c_werror_flag" || test ! -s conftest.err
configure:7794: $? = 0
configure:7801: test -s conftest.o
configure:7804: $? = 0
configure:7830: gcc -std=gnu99 -c -g -O2  conftest.c >&5
conftest.c: In function 'main':
conftest.c:69:60: warning: integer overflow in expression [-Woverflow]
           < (int32_t) ((((int32_t) 1 << (32 - 2)) - 1) * 2 + 2))];
                                                            ^
conftest.c:68:12: error: storage size of 'test_array' isn't constant
 static int test_array [1 - 2 * !((int32_t) ((((int32_t) 1 << (32 - 2)) - 1) * 2 + 1)
            ^
configure:7836: $? = 1
configure: failed program was:
| /* confdefs.h.  */
| #define PACKAGE_NAME "Infernal"
| #define PACKAGE_TARNAME "infernal"
| #define PACKAGE_VERSION "1.0"
| #define PACKAGE_STRING "Infernal 1.0"
| #define PACKAGE_BUGREPORT "eddys@janelia.hhmi.org"
| #define PACKAGE_DATE "January 2009"
| #define PACKAGE_COPYRIGHT "Copyright (C) 2009 HHMI Janelia Farm Research Campus"
| #define PACKAGE_LICENSE "Freely distributed under the GNU General Public License (GPLv3)"
| #define PACKAGE_VERSION "1.0"
| #define EASEL_DATE "January 2009"
| #define EASEL_COPYRIGHT "Copyright (C) 2009 HHMI Janelia Farm Research Campus"
| #define EASEL_LICENSE "Freely distributed under the Janelia Software License."
| #define EASEL_VERSION "i1.0"
| #define eslLIBRARY 1
| #define STDC_HEADERS 1
| #define HAVE_SYS_TYPES_H 1
| #define HAVE_SYS_STAT_H 1
| #define HAVE_STDLIB_H 1
| #define HAVE_STRING_H 1
| #define HAVE_MEMORY_H 1
| #define HAVE_STRINGS_H 1
| #define HAVE_INTTYPES_H 1
| #define HAVE_STDINT_H 1
| #define HAVE_UNISTD_H 1
| #define HAVE_SSE2 1
| #define HAVE_SYS_TYPES_H 1
| #define HAVE_UNISTD_H 1
| #define HAVE_STDINT_H 1
| #define HAVE_INTTYPES_H 1
| /* end confdefs.h.  */
| #include <stdio.h>
| #if HAVE_SYS_TYPES_H
| # include <sys/types.h>
| #endif
| #if HAVE_SYS_STAT_H
| # include <sys/stat.h>
| #endif
| #if STDC_HEADERS
| # include <stdlib.h>
| # include <stddef.h>
| #else
| # if HAVE_STDLIB_H
| #  include <stdlib.h>
| # endif
| #endif
| #if HAVE_STRING_H
| # if !STDC_HEADERS && HAVE_MEMORY_H
| #  include <memory.h>
| # endif
| # include <string.h>
| #endif
| #if HAVE_STRINGS_H
| # include <strings.h>
| #endif
| #if HAVE_INTTYPES_H
| # include <inttypes.h>
| #endif
| #if HAVE_STDINT_H
| # include <stdint.h>
| #endif
| #if HAVE_UNISTD_H
| # include <unistd.h>
| #endif
| int
| main ()
| {
| static int test_array [1 - 2 * !((int32_t) ((((int32_t) 1 << (32 - 2)) - 1) * 2 + 1)
| 	         < (int32_t) ((((int32_t) 1 << (32 - 2)) - 1) * 2 + 2))];
| test_array [0] = 0
| 
|   ;
|   return 0;
| }
configure:7882: result: yes
configure:7895: checking for int64_t
configure:7926: gcc -std=gnu99 -c -g -O2  conftest.c >&5
configure:7932: $? = 0
configure:7939: test -z "$ac_c_werror_flag" || test ! -s conftest.err
configure:7942: $? = 0
configure:7949: test -s conftest.o
configure:7952: $? = 0
configure:7978: gcc -std=gnu99 -c -g -O2  conftest.c >&5
conftest.c: In function 'main':
conftest.c:69:60: warning: integer overflow in expression [-Woverflow]
           < (int64_t) ((((int64_t) 1 << (64 - 2)) - 1) * 2 + 2))];
                                                            ^
conftest.c:68:12: error: storage size of 'test_array' isn't constant
 static int test_array [1 - 2 * !((int64_t) ((((int64_t) 1 << (64 - 2)) - 1) * 2 + 1)
            ^
configure:7984: $? = 1
configure: failed program was:
| /* confdefs.h.  */
| #define PACKAGE_NAME "Infernal"
| #define PACKAGE_TARNAME "infernal"
| #define PACKAGE_VERSION "1.0"
| #define PACKAGE_STRING "Infernal 1.0"
| #define PACKAGE_BUGREPORT "eddys@janelia.hhmi.org"
| #define PACKAGE_DATE "January 2009"
| #define PACKAGE_COPYRIGHT "Copyright (C) 2009 HHMI Janelia Farm Research Campus"
| #define PACKAGE_LICENSE "Freely distributed under the GNU General Public License (GPLv3)"
| #define PACKAGE_VERSION "1.0"
| #define EASEL_DATE "January 2009"
| #define EASEL_COPYRIGHT "Copyright (C) 2009 HHMI Janelia Farm Research Campus"
| #define EASEL_LICENSE "Freely distributed under the Janelia Software License."
| #define EASEL_VERSION "i1.0"
| #define eslLIBRARY 1
| #define STDC_HEADERS 1
| #define HAVE_SYS_TYPES_H 1
| #define HAVE_SYS_STAT_H 1
| #define HAVE_STDLIB_H 1
| #define HAVE_STRING_H 1
| #define HAVE_MEMORY_H 1
| #define HAVE_STRINGS_H 1
| #define HAVE_INTTYPES_H 1
| #define HAVE_STDINT_H 1
| #define HAVE_UNISTD_H 1
| #define HAVE_SSE2 1
| #define HAVE_SYS_TYPES_H 1
| #define HAVE_UNISTD_H 1
| #define HAVE_STDINT_H 1
| #define HAVE_INTTYPES_H 1
| /* end confdefs.h.  */
| #include <stdio.h>
| #if HAVE_SYS_TYPES_H
| # include <sys/types.h>
| #endif
| #if HAVE_SYS_STAT_H
| # include <sys/stat.h>
| #endif
| #if STDC_HEADERS
| # include <stdlib.h>
| # include <stddef.h>
| #else
| # if HAVE_STDLIB_H
| #  include <stdlib.h>
| # endif
| #endif
| #if HAVE_STRING_H
| # if !STDC_HEADERS && HAVE_MEMORY_H
| #  include <memory.h>
| # endif
| # include <string.h>
| #endif
| #if HAVE_STRINGS_H
| # include <strings.h>
| #endif
| #if HAVE_INTTYPES_H
| # include <inttypes.h>
| #endif
| #if HAVE_STDINT_H
| # include <stdint.h>
| #endif
| #if HAVE_UNISTD_H
| # include <unistd.h>
| #endif
| int
| main ()
| {
| static int test_array [1 - 2 * !((int64_t) ((((int64_t) 1 << (64 - 2)) - 1) * 2 + 1)
| 	         < (int64_t) ((((int64_t) 1 << (64 - 2)) - 1) * 2 + 2))];
| test_array [0] = 0
| 
|   ;
|   return 0;
| }
configure:8030: result: yes
configure:8043: checking for uint8_t
configure:8074: gcc -std=gnu99 -c -g -O2  conftest.c >&5
configure:8080: $? = 0
configure:8087: test -z "$ac_c_werror_flag" || test ! -s conftest.err
configure:8090: $? = 0
configure:8097: test -s conftest.o
configure:8100: $? = 0
configure:8118: result: yes
configure:8136: checking for uint16_t
configure:8167: gcc -std=gnu99 -c -g -O2  conftest.c >&5
configure:8173: $? = 0
configure:8180: test -z "$ac_c_werror_flag" || test ! -s conftest.err
configure:8183: $? = 0
configure:8190: test -s conftest.o
configure:8193: $? = 0
configure:8211: result: yes
configure:8225: checking for uint32_t
configure:8256: gcc -std=gnu99 -c -g -O2  conftest.c >&5
configure:8262: $? = 0
configure:8269: test -z "$ac_c_werror_flag" || test ! -s conftest.err
configure:8272: $? = 0
configure:8279: test -s conftest.o
configure:8282: $? = 0
configure:8300: result: yes
configure:8318: checking for uint64_t
configure:8349: gcc -std=gnu99 -c -g -O2  conftest.c >&5
configure:8355: $? = 0
configure:8362: test -z "$ac_c_werror_flag" || test ! -s conftest.err
configure:8365: $? = 0
configure:8372: test -s conftest.o
configure:8375: $? = 0
configure:8393: result: yes
configure:8410: checking for off_t
configure:8440: gcc -std=gnu99 -c -g -O2  conftest.c >&5
configure:8446: $? = 0
configure:8453: test -z "$ac_c_werror_flag" || test ! -s conftest.err
configure:8456: $? = 0
configure:8463: test -s conftest.o
configure:8466: $? = 0
configure:8478: result: yes
configure:8497: checking for mkstemp
configure:8553: gcc -std=gnu99 -o conftest -g -O2   conftest.c  >&5
configure:8559: $? = 0
configure:8566: test -z "$ac_c_werror_flag" || test ! -s conftest.err
configure:8569: $? = 0
configure:8576: test -s conftest
configure:8579: $? = 0
configure:8593: result: yes
configure:8607: checking for popen
configure:8663: gcc -std=gnu99 -o conftest -g -O2   conftest.c  >&5
configure:8669: $? = 0
configure:8676: test -z "$ac_c_werror_flag" || test ! -s conftest.err
configure:8679: $? = 0
configure:8686: test -s conftest
configure:8689: $? = 0
configure:8703: result: yes
configure:8717: checking for strcasecmp
configure:8773: gcc -std=gnu99 -o conftest -g -O2   conftest.c  >&5
conftest.c:57:6: warning: conflicting types for built-in function 'strcasecmp' [enabled by default]
 char strcasecmp ();
      ^
configure:8779: $? = 0
configure:8786: test -z "$ac_c_werror_flag" || test ! -s conftest.err
configure:8789: $? = 0
configure:8796: test -s conftest
configure:8799: $? = 0
configure:8813: result: yes
configure:8827: checking for times
configure:8883: gcc -std=gnu99 -o conftest -g -O2   conftest.c  >&5
configure:8889: $? = 0
configure:8896: test -z "$ac_c_werror_flag" || test ! -s conftest.err
configure:8899: $? = 0
configure:8906: test -s conftest
configure:8909: $? = 0
configure:8923: result: yes
configure:8933: checking for _LARGEFILE_SOURCE value needed for large files
configure:8961: gcc -std=gnu99 -c -g -O2  conftest.c >&5
configure:8967: $? = 0
configure:8974: test -z "$ac_c_werror_flag" || test ! -s conftest.err
configure:8977: $? = 0
configure:8984: test -s conftest.o
configure:8987: $? = 0
configure:9060: result: no
configure:9074: checking for fseeko
configure:9100: gcc -std=gnu99 -o conftest -g -O2   conftest.c  >&5
configure:9106: $? = 0
configure:9113: test -z "$ac_c_werror_flag" || test ! -s conftest.err
configure:9116: $? = 0
configure:9123: test -s conftest
configure:9126: $? = 0
configure:9139: result: yes
configure:9160: checking for special C compiler options needed for large files
configure:9287: result: no
configure:9293: checking for _FILE_OFFSET_BITS value needed for large files
configure:9329: gcc -std=gnu99 -c -g -O2  conftest.c >&5
configure:9335: $? = 0
configure:9342: test -z "$ac_c_werror_flag" || test ! -s conftest.err
configure:9345: $? = 0
configure:9352: test -s conftest.o
configure:9355: $? = 0
configure:9436: result: no
configure:9446: checking for _LARGE_FILES value needed for large files
configure:9482: gcc -std=gnu99 -c -g -O2  conftest.c >&5
configure:9488: $? = 0
configure:9495: test -z "$ac_c_werror_flag" || test ! -s conftest.err
configure:9498: $? = 0
configure:9505: test -s conftest.o
configure:9508: $? = 0
configure:9589: result: no
configure:9736: creating ./config.status

## ---------------------- ##
## Running config.status. ##
## ---------------------- ##

This file was extended by Infernal config.status 1.0, which was
generated by GNU Autoconf 2.60.  Invocation command line was

  CONFIG_FILES    = 
  CONFIG_HEADERS  = 
  CONFIG_LINKS    = 
  CONFIG_COMMANDS = 
  $ ./config.status 

on crow

config.status:613: creating src/Makefile
config.status:613: creating testsuite/Makefile
config.status:613: creating easel/miniapps/Makefile
config.status:613: creating easel/testsuite/Makefile
config.status:613: creating easel/Makefile
config.status:613: creating Makefile
config.status:613: creating src/config.h
config.status:613: creating easel/esl_config.h

## ---------------- ##
## Cache variables. ##
## ---------------- ##

ac_cv_build=x86_64-unknown-linux-gnu
ac_cv_c_bigendian=no
ac_cv_c_compiler_gnu=yes
ac_cv_c_int16_t=yes
ac_cv_c_int32_t=yes
ac_cv_c_int64_t=yes
ac_cv_c_int8_t=yes
ac_cv_c_uint16_t=yes
ac_cv_c_uint32_t=yes
ac_cv_c_uint64_t=yes
ac_cv_c_uint8_t=yes
ac_cv_env_CC_set=
ac_cv_env_CC_value=
ac_cv_env_CFLAGS_set=
ac_cv_env_CFLAGS_value=
ac_cv_env_CPPFLAGS_set=
ac_cv_env_CPPFLAGS_value=
ac_cv_env_CPP_set=
ac_cv_env_CPP_value=
ac_cv_env_LDFLAGS_set=
ac_cv_env_LDFLAGS_value=
ac_cv_env_MPICC_set=
ac_cv_env_MPICC_value=
ac_cv_env_build_alias_set=
ac_cv_env_build_alias_value=
ac_cv_env_host_alias_set=
ac_cv_env_host_alias_value=
ac_cv_env_target_alias_set=
ac_cv_env_target_alias_value=
ac_cv_func_fseeko=yes
ac_cv_func_mkstemp=yes
ac_cv_func_popen=yes
ac_cv_func_strcasecmp=yes
ac_cv_func_times=yes
ac_cv_header_emmintrin_h=yes
ac_cv_header_inttypes_h=yes
ac_cv_header_memory_h=yes
ac_cv_header_stdc=yes
ac_cv_header_stdint_h=yes
ac_cv_header_stdlib_h=yes
ac_cv_header_string_h=yes
ac_cv_header_strings_h=yes
ac_cv_header_sys_stat_h=yes
ac_cv_header_sys_types_h=yes
ac_cv_header_unistd_h=yes
ac_cv_host=x86_64-unknown-linux-gnu
ac_cv_objext=o
ac_cv_path_AR=/usr/bin/ar
ac_cv_path_EGREP='/bin/grep -E'
ac_cv_path_GREP=/bin/grep
ac_cv_prog_CPP='gcc -E'
ac_cv_prog_ac_ct_CC=gcc
ac_cv_prog_ac_ct_RANLIB=ranlib
ac_cv_prog_cc_c89=
ac_cv_prog_cc_c99=-std=gnu99
ac_cv_prog_cc_g=yes
ac_cv_prog_cc_stdc=-std=gnu99
ac_cv_sys_file_offset_bits=no
ac_cv_sys_large_files=no
ac_cv_sys_largefile_CC=no
ac_cv_sys_largefile_source=no
ac_cv_type_off_t=yes
ax_cv_c_compiler_vendor=gnu
ax_cv_c_flags__msse2=yes

## ----------------- ##
## Output variables. ##
## ----------------- ##

AR='/usr/bin/ar'
CC='gcc -std=gnu99'
CFLAGS='-g -O2'
CPP='gcc -E'
CPPFLAGS=''
DEFS='-DHAVE_CONFIG_H'
EASEL_COPYRIGHT='Copyright (C) 2009 HHMI Janelia Farm Research Campus'
EASEL_DATE='January 2009'
EASEL_LICENSE='Freely distributed under the Janelia Software License.'
EASEL_LICENSETAG='jsl'
EASEL_RELCODE=''
EASEL_URL='http://bioeasel.org/'
EASEL_VERSION='i1.0'
ECHO_C=''
ECHO_N='-n'
ECHO_T=''
EGREP='/bin/grep -E'
EXEC_DEPENDENCY='%: %.o'
EXEEXT=''
GREP='/bin/grep'
LDFLAGS=''
LIBGSL=''
LIBOBJS=''
LIBS=''
LTLIBOBJS=''
MPICC=''
MPILIBS=''
OBJEXT='o'
PACKAGE_BUGREPORT='eddys@janelia.hhmi.org'
PACKAGE_COPYRIGHT='Copyright (C) 2009 HHMI Janelia Farm Research Campus'
PACKAGE_DATE='January 2009'
PACKAGE_LICENSE='Freely distributed under the GNU General Public License (GPLv3)'
PACKAGE_LICENSETAG='gnu'
PACKAGE_NAME='Infernal'
PACKAGE_RELCODE=''
PACKAGE_STRING='Infernal 1.0'
PACKAGE_TARNAME='infernal'
PACKAGE_URL='http://infernal.janelia.org/'
PACKAGE_VERSION='1.0'
PATH_SEPARATOR=':'
PRTDIAG=''
RANLIB='ranlib'
SHELL='/bin/bash'
SIMD_CFLAGS='-msse2'
ac_ct_CC='gcc'
bindir='${exec_prefix}/bin'
build='x86_64-unknown-linux-gnu'
build_alias=''
build_cpu='x86_64'
build_os='linux-gnu'
build_vendor='unknown'
datadir='${datarootdir}'
datarootdir='${prefix}/share'
docdir='${datarootdir}/doc/${PACKAGE_TARNAME}'
dvidir='${docdir}'
exec_prefix='${prefix}'
host='x86_64-unknown-linux-gnu'
host_alias=''
host_cpu='x86_64'
host_os='linux-gnu'
host_vendor='unknown'
htmldir='${docdir}'
includedir='${prefix}/include'
infodir='${datarootdir}/info'
libdir='${exec_prefix}/lib'
libexecdir='${exec_prefix}/libexec'
localedir='${datarootdir}/locale'
localstatedir='${prefix}/var'
mandir='${datarootdir}/man'
oldincludedir='/usr/include'
pdfdir='${docdir}'
prefix='/usr/local'
program_transform_name='s,x,x,'
psdir='${docdir}'
sbindir='${exec_prefix}/sbin'
sharedstatedir='${prefix}/com'
sysconfdir='${prefix}/etc'
target_alias=''

## ----------- ##
## confdefs.h. ##
## ----------- ##

#define PACKAGE_NAME "Infernal"
#define PACKAGE_TARNAME "infernal"
#define PACKAGE_VERSION "1.0"
#define PACKAGE_STRING "Infernal 1.0"
#define PACKAGE_BUGREPORT "eddys@janelia.hhmi.org"
#define PACKAGE_DATE "January 2009"
#define PACKAGE_COPYRIGHT "Copyright (C) 2009 HHMI Janelia Farm Research Campus"
#define PACKAGE_LICENSE "Freely distributed under the GNU General Public License (GPLv3)"
#define PACKAGE_VERSION "1.0"
#define EASEL_DATE "January 2009"
#define EASEL_COPYRIGHT "Copyright (C) 2009 HHMI Janelia Farm Research Campus"
#define EASEL_LICENSE "Freely distributed under the Janelia Software License."
#define EASEL_VERSION "i1.0"
#define eslLIBRARY 1
#define STDC_HEADERS 1
#define HAVE_SYS_TYPES_H 1
#define HAVE_SYS_STAT_H 1
#define HAVE_STDLIB_H 1
#define HAVE_STRING_H 1
#define HAVE_MEMORY_H 1
#define HAVE_STRINGS_H 1
#define HAVE_INTTYPES_H 1
#define HAVE_STDINT_H 1
#define HAVE_UNISTD_H 1
#define HAVE_SSE2 1
#define HAVE_SYS_TYPES_H 1
#define HAVE_UNISTD_H 1
#define HAVE_STDINT_H 1
#define HAVE_INTTYPES_H 1
#define HAVE_MKSTEMP 1
#define HAVE_POPEN 1
#define HAVE_STRCASECMP 1
#define HAVE_TIMES 1
#define HAVE_FSEEKO 1

configure: exit 0
